<?xml version="1.0" encoding="UTF-8"?>
<testsuite xmlns:xsi="http://www.w3.org/2001/XMLSchema-instance" xsi:noNamespaceSchemaLocation="https://maven.apache.org/surefire/maven-surefire-plugin/xsd/surefire-test-report-3.0.xsd" version="3.0" name="com.example.StringManipulatorTest" time="0.026" tests="5" errors="0" skipped="0" failures="0">
  <properties>
[...]
</properties>
  <testcase name="testIsPalindromeNull" classname="com.example.StringManipulatorTest" time="0.011"/>
  <testcase name="testIsPalindromeTrue" classname="com.example.StringManipulatorTest" time="0.001"/>
  <testcase name="testIsPalindromeFalse" classname="com.example.StringManipulatorTest" time="0.001"/>
  <testcase name="testReverse" classname="com.example.StringManipulatorTest" time="0.002"/>
  <testcase name="testCapitalize" classname="com.example.StringManipulatorTest" time="0.001"/>
</testsuite>